"../../../Gamma/Content/Fonts/Timeline.uasset" 0
"../../../Gamma/Content/L10N/en-US/Fonts/Timeline_Font.uasset" 1
"../../../Gamma/Content/Maps/2DSideScrollerExampleMap_BuiltData.uasset" 2
"../../../Gamma/Content/Textures/sprite_gold.uasset" 3
"../../../Gamma/Content/Sprites/sprite_gold_Sprite.uasset" 4
"../../../Gamma/Content/Blueprints/BP_Asteroid.uasset" 5
"../../../Engine/Content/EditorBlueprintResources/StandardMacros.uasset" 6
"../../../Engine/Content/EngineMaterials/DefaultCubemap.uasset" 7
"../../../Engine/Content/EngineMaterials/CubeMaterial.uasset" 8
"../../../Engine/Content/Functions/Engine_MaterialFunctions01/Opacity/CameraDepthFade.uasset" 9
"../../../Engine/Content/EngineMaterials/T_Default_Material_Grid_M.uasset" 10
"../../../Engine/Content/EngineMaterials/T_Default_Material_Grid_N.uasset" 11
"../../../Engine/Content/EngineMaterials/DefaultMaterial.uasset" 12
"../../../Engine/Content/BasicShapes/Sphere.uasset" 13
"../../../Engine/Content/EngineMaterials/PhysMat_Metal.uasset" 14
"../../../Gamma/Content/Sounds/Movement/Resonator.uasset" 15
"../../../Gamma/Content/Blueprints/BP_BlackHole.uasset" 16
"../../../Engine/Content/EditorBlueprintResources/ActorMacros.uasset" 17
"../../../Gamma/Content/Textures/ResetButton.uasset" 18
"../../../Gamma/Content/Materials/M_GamePlate.uasset" 19
"../../../Gamma/Content/Sounds/UI/SoundCharacterClickOn.uasset" 20
"../../../Gamma/Content/Sprites/ResetButton_Sprite.uasset" 21
"../../../Gamma/Content/Blueprints/GammaFlow/BP_GAME_Plate.uasset" 22
"../../../Gamma/Content/Blueprints/GammaFlow/BP_Match.uasset" 23
"../../../Gamma/Content/Materials/M_AmbientGlow.uasset" 24
"../../../Gamma/Content/Textures/PlayerPointer.uasset" 25
"../../../Gamma/Content/Materials/M_PLayerIndicator.uasset" 26
"../../../Gamma/Content/Textures/PlayerCaret.uasset" 27
"../../../Gamma/Content/Sprites/PlayerCaret_Sprite.uasset" 28
"../../../Gamma/Content/Fonts/Timeline_Font.uasset" 29
"../../../Gamma/Content/Fonts/xylitol_front.uasset" 30
"../../../Gamma/Content/Fonts/xylitol_front_Font.uasset" 31
"../../../Gamma/Content/Textures/ChargeFill.uasset" 32
"../../../Gamma/Content/Widgets/ChargeBars.uasset" 33
"../../../Engine/Content/EngineMaterials/WorldGridMaterial.uasset" 34
"../../../Gamma/Content/Meshes/palette.uasset" 35
"../../../Gamma/Content/Meshes/GammaTempleChunkTall.uasset" 36
"../../../Gamma/Content/Materials/M_IceParticle.uasset" 37
"../../../Gamma/Content/Materials/MI_IceParticle.uasset" 38
"../../../Engine/Content/EngineMaterials/DefaultDiffuse.uasset" 39
"../../../Engine/Content/EngineMaterials/EmissiveTexturedMaterial.uasset" 40
"../../../Engine/Content/EngineMeshes/ParticleCube.uasset" 41
"../../../Gamma/Content/Particles/PS_ChunkMass.uasset" 42
"../../../Gamma/Content/Meshes/GammaTempleChunkTall_DM.uasset" 43
"../../../Engine/Content/TemplateResources/M_Template_Master.uasset" 44
"../../../Engine/Content/TemplateResources/MI_Template_BaseBlue.uasset" 45
"../../../Engine/Content/EngineMaterials/PhysMat_Rubber.uasset" 46
"../../../Gamma/Content/Materials/M_RedHighest.uasset" 47
"../../../Gamma/Content/Textures/Ring.uasset" 48
"../../../Gamma/Content/Textures/Ring_Mat.uasset" 49
"../../../Gamma/Content/Particles/PS_BlockSparks.uasset" 50
"../../../Gamma/Content/Blueprints/BP_Chunk.uasset" 51
"../../../Gamma/Content/Blueprints/GammaFlow/BP_StrongCameraShake.uasset" 52
"../../../Gamma/Content/Textures/DamageFaded.uasset" 53
"../../../Gamma/Content/Materials/M_DamageFaded.uasset" 54
"../../../Gamma/Content/Materials/MI_DamageFaded.uasset" 55
"../../../Gamma/Content/Particles/PS_HitFlare.uasset" 56
"../../../Gamma/Content/Sounds/Movement/GreenCharge.uasset" 57
"../../../Gamma/Content/Blueprints/BP_DmgSmoke.uasset" 58
"../../../Gamma/Content/Materials/M_Star.uasset" 59
"../../../Gamma/Content/Materials/M_Star_Inst.uasset" 60
"../../../Gamma/Content/Meshes/DiscoSphere.uasset" 61
"../../../Gamma/Content/Particles/PS_SunWisps.uasset" 62
"../../../Gamma/Content/Materials/M_HitParticle.uasset" 63
"../../../Engine/Content/EngineMeshes/Sphere.uasset" 64
"../../../Gamma/Content/Particles/Red/PS_SunInner1.uasset" 65
"../../../Gamma/Content/Blueprints/BP_KillerStar_Small.uasset" 66
"../../../Gamma/Content/Materials/M_AmbientGlow_Inst.uasset" 67
"../../../Gamma/Content/Particles/PS_PlayerKilled.uasset" 68
"../../../Gamma/Content/Blueprints/BP_PlayerKilled.uasset" 69
"../../../Gamma/Content/Materials/M_HitParticle_Inst.uasset" 70
"../../../Gamma/Content/Particles/Green/PS_GreenSpiral.uasset" 71
"../../../Gamma/Content/Blueprints/Green/BP_GreenBoost.uasset" 72
"../../../Gamma/Content/Materials/M_GreenAfterImage.uasset" 73
"../../../Gamma/Content/Meshes/peacegiant.uasset" 74
"../../../Gamma/Content/Particles/Green/PS_GreenCharge.uasset" 75
"../../../Gamma/Content/Blueprints/Green/BP_GreenCharge.uasset" 76
"../../../Gamma/Content/Particles/PS_SwordBroken.uasset" 77
"../../../Gamma/Content/Sounds/Attacks/Randomize506.uasset" 78
"../../../Gamma/Content/Blueprints/BP_BlockGreen.uasset" 79
"../../../Gamma/Content/Blueprints/GammaFlow/BP_LightCameraShake.uasset" 80
"../../../Gamma/Content/Particles/Green/PS_GreenBurst.uasset" 81
"../../../Gamma/Content/Sounds/RedBoost1.uasset" 82
"../../../Gamma/Content/Blueprints/Green/BP_GreenBurst.uasset" 83
"../../../Gamma/Content/Particles/PS_GreenHit.uasset" 84
"../../../Gamma/Content/Sounds/Movement/Move1.uasset" 85
"../../../Gamma/Content/Blueprints/Green/BP_GreenSmoke.uasset" 86
"../../../Gamma/Content/Materials/M_SwordTrail.uasset" 87
"../../../Gamma/Content/Particles/Green/PS_SwordTrail.uasset" 88
"../../../Gamma/Content/Particles/PS_SwordTip.uasset" 89
"../../../Gamma/Content/Sounds/Attacks/SoundImpact.uasset" 90
"../../../Gamma/Content/Blueprints/Green/BP_SwordAttack.uasset" 91
"../../../Gamma/Content/Particles/Green/PS_SwordTell.uasset" 92
"../../../Gamma/Content/Sounds/Movement/MoveTone.uasset" 93
"../../../Gamma/Content/Blueprints/Green/BP_SwordFlash.uasset" 94
"../../../Gamma/Content/Blueprints/Green/BP_GreenThrowBurst.uasset" 95
"../../../Gamma/Content/Materials/M_MoveParticle.uasset" 96
"../../../Gamma/Content/Particles/Green/PS_SwordThrow.uasset" 97
"../../../Gamma/Content/Sounds/Misc/Randomize598.uasset" 98
"../../../Gamma/Content/Textures/Sword__1_.uasset" 99
"../../../Gamma/Content/Materials/M_Sword.uasset" 100
"../../../Gamma/Content/Materials/MI_Sword.uasset" 101
"../../../Gamma/Content/Sprites/Sword__1__Sprite.uasset" 102
"../../../Gamma/Content/Blueprints/Green/BP_SwordThrow.uasset" 103
"../../../Engine/Content/VREditor/Fonts/VRText_RobotoLarge.uasset" 104
"../../../Engine/Content/VREditor/Fonts/VRTextMaterial.uasset" 105
"../../../Gamma/Content/Materials/M_Green.uasset" 106
"../../../Gamma/Content/Textures/PeaceGiant__1_.uasset" 107
"../../../Gamma/Content/Materials/M_PeaceGiantOutline.uasset" 108
"../../../Gamma/Content/Textures/LocatorRing.uasset" 109
"../../../Gamma/Content/Materials/M_Locator.uasset" 110
"../../../Gamma/Content/Materials/MI_Locator_Inst.uasset" 111
"../../../Gamma/Content/Materials/M_PeaceGiant.uasset" 112
"../../../Gamma/Content/Materials/MI_PeaceGiant.uasset" 113
"../../../Gamma/Content/Particles/Green/PS_GreenAfterImage.uasset" 114
"../../../Gamma/Content/Particles/Green/PS_GreenAmbient1.uasset" 115
"../../../Gamma/Content/Particles/Player_Spatial1.uasset" 116
"../../../Gamma/Content/Sounds/Misc/SoundMatchBegin.uasset" 117
"../../../Gamma/Content/Sprites/PeaceGiant__1__Sprite.uasset" 118
"../../../Gamma/Content/Textures/PeaceGiant_Killed__1_.uasset" 119
"../../../Gamma/Content/Sprites/PeaceGiant_Killed__1__Sprite.uasset" 120
"../../../Gamma/Content/Sprites/Foreigner_Idle.uasset" 121
"../../../Gamma/Content/Sprites/SuccessRing_Sprite.uasset" 122
"../../../Gamma/Content/Blueprints/Green/BP_GreenForeigner.uasset" 123
"../../../Gamma/Content/Particles/Purple/PS_BaetylusBoost.uasset" 124
"../../../Gamma/Content/Blueprints/Purple/BP_PurpleBoost.uasset" 125
"../../../Gamma/Content/Particles/Purple/PS_PurpleCharge.uasset" 126
"../../../Gamma/Content/Blueprints/Purple/BP_PurpleCharge.uasset" 127
"../../../Gamma/Content/Blueprints/GammaFlow/BP_WildCameraShake.uasset" 128
"../../../Gamma/Content/Blueprints/BP_AttackBlockSparks.uasset" 129
"../../../Gamma/Content/Particles/PS_PurpleHit.uasset" 130
"../../../Gamma/Content/Sounds/Attacks/SoundDistantImpact.uasset" 131
"../../../Gamma/Content/Blueprints/Purple/BP_PurpleSmoke.uasset" 132
"../../../Gamma/Content/Particles/Purple/PS_PurpleCrush.uasset" 133
"../../../Gamma/Content/Sounds/Misc/SoundCreateObj.uasset" 134
"../../../Gamma/Content/Blueprints/Purple/BP_PurpleCrush.uasset" 135
"../../../Gamma/Content/Textures/spear_2.uasset" 136
"../../../Gamma/Content/Materials/M_Spear.uasset" 137
"../../../Gamma/Content/Particles/Purple/PS_PurpleFlash.uasset" 138
"../../../Gamma/Content/Sounds/gottaFast.uasset" 139
"../../../Gamma/Content/Textures/spear_3.uasset" 140
"../../../Gamma/Content/Sprites/spear_3_Sprite.uasset" 141
"../../../Gamma/Content/Blueprints/Purple/BP_PurpleFlash.uasset" 142
"../../../Gamma/Content/Particles/Purple/PS_PurpleBurst.uasset" 143
"../../../Gamma/Content/Sounds/Movement/SoccerCubeCollide.uasset" 144
"../../../Gamma/Content/Blueprints/Purple/BP_PurpleBurst.uasset" 145
"../../../Gamma/Content/Particles/Purple/PS_SpearWake.uasset" 146
"../../../Gamma/Content/Sounds/Movement/RepeatingFire.uasset" 147
"../../../Gamma/Content/Blueprints/Purple/BP_SpearAttack.uasset" 148
"../../../Gamma/Content/Materials/M_Purple.uasset" 149
"../../../Gamma/Content/Textures/Purple.uasset" 150
"../../../Gamma/Content/Materials/MVoltaBlack.uasset" 151
"../../../Gamma/Content/Materials/M_Baetylus.uasset" 152
"../../../Gamma/Content/Materials/MI_Baetylus.uasset" 153
"../../../Gamma/Content/Meshes/volta2.uasset" 154
"../../../Gamma/Content/Particles/Purple/PS_PurpleAmbient.uasset" 155
"../../../Gamma/Content/Sounds/Attacks/Main_Gun.uasset" 156
"../../../Gamma/Content/Textures/Purple_Killed.uasset" 157
"../../../Gamma/Content/Sprites/Purple_Killed_Sprite.uasset" 158
"../../../Gamma/Content/Sprites/Purple_Sprite.uasset" 159
"../../../Gamma/Content/Sprites/Purple_Flipbook.uasset" 160
"../../../Gamma/Content/Blueprints/Purple/BP_Volta.uasset" 161
"../../../Gamma/Content/Particles/Red/PS_BeamFlash1.uasset" 162
"../../../Gamma/Content/Sounds/Misc/KaraokeCharge.uasset" 163
"../../../Gamma/Content/Blueprints/Red/BP_BeamFlash.uasset" 164
"../../../Gamma/Content/Particles/Red/PS_RedBurst.uasset" 165
"../../../Gamma/Content/Sounds/Attacks/Randomize555.uasset" 166
"../../../Gamma/Content/Blueprints/Red/BP_RedBurst.uasset" 167
"../../../Gamma/Content/Particles/PS_RedHit.uasset" 168
"../../../Gamma/Content/Sounds/Randomize751.uasset" 169
"../../../Gamma/Content/Blueprints/Red/BP_RedSmoke.uasset" 170
"../../../Gamma/Content/Materials/M_RedAbmient.uasset" 171
"../../../Gamma/Content/Materials/M_SwordFlash.uasset" 172
"../../../Gamma/Content/Particles/Red/PS_RedBeam.uasset" 173
"../../../Gamma/Content/Sounds/Movement/beamer.uasset" 174
"../../../Gamma/Content/Textures/laser_red.uasset" 175
"../../../Gamma/Content/Materials/M_RedHot.uasset" 176
"../../../Gamma/Content/Sprites/laser_red_Sprite.uasset" 177
"../../../Gamma/Content/Blueprints/Red/BP_RedBeam.uasset" 178
"../../../Gamma/Content/Particles/PS_PlayerHit.uasset" 179
"../../../Gamma/Content/Blueprints/Red/BP_RedBoost.uasset" 180
"../../../Gamma/Content/Particles/Red/PS_RedTrail.uasset" 181
"../../../Gamma/Content/Blueprints/Red/BP_RedCharge.uasset" 182
"../../../Gamma/Content/Particles/Red/PS_RedBlast.uasset" 183
"../../../Gamma/Content/Sounds/Attacks/SoundWaveAttack.uasset" 184
"../../../Gamma/Content/Blueprints/Red/BP_RedFireball.uasset" 185
"../../../Gamma/Content/Sprites/Karaoke.uasset" 186
"../../../Gamma/Content/Materials/M_KaraokeBlack.uasset" 187
"../../../Gamma/Content/Materials/M_Red.uasset" 188
"../../../Gamma/Content/Materials/M_Karaoke.uasset" 189
"../../../Gamma/Content/Materials/MI_Karaoke.uasset" 190
"../../../Gamma/Content/Meshes/Karaoke2.uasset" 191
"../../../Gamma/Content/Textures/KaraokeSprite.uasset" 192
"../../../Gamma/Content/Materials/M_FormingKaraoke.uasset" 193
"../../../Gamma/Content/Particles/Red/PS_RedAfterImage.uasset" 194
"../../../Gamma/Content/Particles/Red/PS_RedAmbient.uasset" 195
"../../../Gamma/Content/Sounds/damage2.uasset" 196
"../../../Engine/Plugins/2D/Paper2D/Content/DefaultSpriteMaterial.uasset" 197
"../../../Engine/Plugins/2D/Paper2D/Content/TranslucentUnlitSpriteMaterial.uasset" 198
"../../../Gamma/Content/Textures/Karaoke_Hit.uasset" 199
"../../../Gamma/Content/Sprites/Karaoke_Hit_Sprite.uasset" 200
"../../../Gamma/Content/Sprites/KaraokeSprite_Sprite.uasset" 201
"../../../Gamma/Content/Sprites/IdleAnimation.uasset" 202
"../../../Gamma/Content/Blueprints/Red/BP_RedKaraoke.uasset" 203
"../../../Gamma/Content/Blueprints/GammaFlow/BP_SoloSequence.uasset" 204
"../../../Gamma/Content/Textures/Tachyon.uasset" 205
"../../../Gamma/Content/Textures/Tachyon_Font.uasset" 206
"../../../Gamma/Content/Textures/RosterBasetylus.uasset" 207
"../../../Gamma/Content/Textures/RosterForeigner.uasset" 208
"../../../Gamma/Content/Textures/RosterKareoke.uasset" 209
"../../../Gamma/Content/Widgets/MainMenu.uasset" 210
"../../../Gamma/Content/Widgets/PlayerSelect.uasset" 211
"../../../Gamma/Content/Blueprints/GammaFlow/GammaPlayerController.uasset" 212
"../../../Gamma/Content/Blueprints/GammaFlow/GammaGameInstance.uasset" 213
"../../../Gamma/Content/Blueprints/GammaFlow/BP_GammaAIController.uasset" 214
"../../../Gamma/Content/Textures/FlasherArrow.uasset" 215
"../../../Gamma/Content/Textures/FlasherArrow_Sprite_0.uasset" 216
"../../../Gamma/Content/Textures/FlasherArrow_Sprite_1.uasset" 217
"../../../Gamma/Content/Textures/FlasherArrow_Sprite_2.uasset" 218
"../../../Gamma/Content/Textures/FlasherArrow_Sprite_3.uasset" 219
"../../../Gamma/Content/Textures/FlasherArrow_Sprite_4.uasset" 220
"../../../Gamma/Content/Textures/FlasherArrow_Sprite_5.uasset" 221
"../../../Gamma/Content/Textures/FlasherArrow_Sprite_6.uasset" 222
"../../../Gamma/Content/Textures/FlasherArrow_Sprite_7.uasset" 223
"../../../Gamma/Content/Flipbooks/FlasherArrow1.uasset" 224
"../../../Gamma/Content/Blueprints/BP_GreaterNoBody.uasset" 225
"../../../Gamma/Content/Particles/PS_RedOrbiter.uasset" 226
"../../../Gamma/Content/Blueprints/BP_KillerStar_Massive.uasset" 227
"../../../Gamma/Content/Textures/Quastel.uasset" 228
"../../../Gamma/Content/Materials/M_Cloud3.uasset" 229
"../../../Gamma/Content/Materials/MI_Cloud3.uasset" 230
"../../../Engine/Content/EngineMeshes/Cube.uasset" 231
"../../../Gamma/Content/Materials/Phys_SoccerCube.uasset" 232
"../../../Gamma/Content/Blueprints/BP_LargeBolt.uasset" 233
"../../../Gamma/Content/Materials/M_PlayerKilled.uasset" 234
"../../../Gamma/Content/Blueprints/BP_MazeCube.uasset" 235
"../../../Gamma/Content/Materials/M_PeaceGiantHit.uasset" 236
"../../../Gamma/Content/Sounds/Movement/swordswing2.uasset" 237
"../../../Gamma/Content/Blueprints/BP_MinorNoBody.uasset" 238
"../../../Gamma/Content/Particles/PS_Punch.uasset" 239
"../../../Gamma/Content/Blueprints/BP_PunchAttack.uasset" 240
"../../../Gamma/Content/Textures/GammaGreyField5p.uasset" 241
"../../../Gamma/Content/Sprites/GammaGreyField5p_Sprite.uasset" 242
"../../../Gamma/Content/Blueprints/BP_Namacorigean.uasset" 243
"../../../Gamma/Content/Textures/Enemy_concept__Swarm_of_fish.uasset" 244
"../../../Gamma/Content/Sprites/Enemy_concept__Swarm_of_fish_Sprite.uasset" 245
"../../../Gamma/Content/Blueprints/BP_ProtoTachyon.uasset" 246
"../../../Gamma/Content/Particles/PS_SpaceTraffic.uasset" 247
"../../../Gamma/Content/Blueprints/BP_SpaceTraffic.uasset" 248
"../../../Gamma/Content/Blueprints/BP_Star.uasset" 249
"../../../Gamma/Content/Particles/PS_PlayerCollision.uasset" 250
"../../../Gamma/Content/Blueprints/BP_PlayerCollision.uasset" 251
"../../../Gamma/Content/Particles/PS_SwarmAttack.uasset" 252
"../../../Gamma/Content/Blueprints/BP_SwarmAttack.uasset" 253
"../../../Gamma/Content/Blueprints/BP_SwarmCentre.uasset" 254
"../../../Engine/Content/BasicShapes/Cube.uasset" 255
"../../../Gamma/Content/Blueprints/Cube_Blueprint.uasset" 256
"../../../Gamma/Content/Blueprints/FadeUp.uasset" 257
"../../../Gamma/Content/Blueprints/EventTriggers/BP_SailorEncounter.uasset" 258
"../../../Gamma/Content/Blueprints/GammaFlow/BP_DenizenMind.uasset" 259
"../../../Gamma/Content/Blueprints/GammaFlow/BP_GammaGameState.uasset" 260
"../../../Gamma/Content/Blueprints/GammaFlow/BP_GammaMenuCharacter.uasset" 261
"../../../Gamma/Content/Blueprints/GammaFlow/BP_MenuCharacter.uasset" 262
"../../../Gamma/Content/Blueprints/GammaFlow/BP_MenuPawn.uasset" 263
"../../../Gamma/Content/Sounds/Movement/Charge12.uasset" 264
"../../../Gamma/Content/Blueprints/Green/BP_AIPeaceGiant.uasset" 265
"../../../Gamma/Content/Particles/Red/PS_RedAmbient1.uasset" 266
"../../../Gamma/Content/Sounds/Movement/HighShot.uasset" 267
"../../../Gamma/Content/Blueprints/Mobs/BP_CubeMob.uasset" 268
"../../../Gamma/Content/Materials/M_FormingBaetylus.uasset" 269
"../../../Gamma/Content/Particles/Purple/PS_PurpleAfterImages.uasset" 270
"../../../Gamma/Content/Sounds/Movement/Charge13.uasset" 271
"../../../Gamma/Content/Blueprints/Purple/BP_AIBaetylus.uasset" 272
"../../../Gamma/Content/Blueprints/Red/BP_AIKaraoke.uasset" 273
"../../../Gamma/Content/Particles/Red/PS_RedCharge.uasset" 274
"../../../Gamma/Content/Blueprints/Red/BP_FormingKaraoke.uasset" 275
"../../../Gamma/Content/Textures/Cloud_Quastel.uasset" 276
"../../../Gamma/Content/Materials/M_Cloud2.uasset" 277
"../../../Gamma/Content/Sprites/Cloud_Quastel_Sprite.uasset" 278
"../../../Gamma/Content/Blueprints/Worlds/BP_LargePanel.uasset" 279
"../../../Gamma/Content/Textures/Cloud_Gizang.uasset" 280
"../../../Gamma/Content/Sprites/Cloud_Gizang_Sprite.uasset" 281
"../../../Gamma/Content/Blueprints/Worlds/BP_SmallPanel.uasset" 282
"../../../Gamma/Content/Materials/8-BitMoveMaterial.uasset" 283
"../../../Gamma/Content/Materials/MF_Pixellate.uasset" 284
"../../../Gamma/Content/Materials/MI_FormingKaraoke.uasset" 285
"../../../Gamma/Content/Materials/M_BaetylusHit.uasset" 286
"../../../Gamma/Content/Textures/Cloud_Poska.uasset" 287
"../../../Gamma/Content/Materials/M_Cloud1.uasset" 288
"../../../Gamma/Content/Materials/M_FormingPeaceGiant.uasset" 289
"../../../Gamma/Content/Materials/M_Gravity.uasset" 290
"../../../Gamma/Content/Textures/LaserWarningThin.uasset" 291
"../../../Gamma/Content/Materials/M_Indicator.uasset" 292
"../../../Gamma/Content/Materials/M_KaraokeHit.uasset" 293
"../../../Gamma/Content/Materials/M_SunFaded.uasset" 294
"../../../Gamma/Content/Materials/M_SwordParticle.uasset" 295
"../../../Gamma/Content/Materials/M_TextUnlit.uasset" 296
"../../../Gamma/Content/Materials/PrototypingSpriteMaterial.uasset" 297
"../../../Gamma/Content/Meshes/DiscoSphereLow.uasset" 298
"../../../Gamma/Content/Meshes/MTest.uasset" 299
"../../../Gamma/Content/Meshes/Planettest.uasset" 300
"../../../Gamma/Content/Meshes/StaticMesh.uasset" 301
"../../../Gamma/Content/Meshes/StaticMesh_DM.uasset" 302
"../../../Gamma/Content/Meshes/untitled_Sphere.uasset" 303
"../../../Gamma/Content/Meshes/untitled_Sphere_001.uasset" 304
"../../../Gamma/Content/Meshes/untitled_Sphere_002.uasset" 305
"../../../Gamma/Content/Meshes/untitled_Torus.uasset" 306
"../../../Gamma/Content/Meshes/volta.uasset" 307
"../../../Gamma/Content/Particles/PS_FormingTachyons.uasset" 308
"../../../Gamma/Content/Particles/PS_KaraokeNebula.uasset" 309
"../../../Gamma/Content/Materials/M_FadedRed.uasset" 310
"../../../Gamma/Content/Particles/PS_OuterStarLines.uasset" 311
"../../../Gamma/Content/Particles/PS_PlayerMove.uasset" 312
"../../../Gamma/Content/Particles/PS_Rain.uasset" 313
"../../../Gamma/Content/Particles/PS_SwordTether.uasset" 314
"../../../Gamma/Content/Particles/Purple/PS_PurpleBoost.uasset" 315
"../../../Gamma/Content/Particles/Red/PS_BeamFlash.uasset" 316
"../../../Gamma/Content/Particles/Red/PS_EyeBeam.uasset" 317
"../../../Gamma/Content/Particles/Red/PS_SunInner.uasset" 318
"../../../Gamma/Content/Sounds/Blocked1.uasset" 319
"../../../Gamma/Content/Sounds/damage1.uasset" 320
"../../../Gamma/Content/Sounds/destroyed1.uasset" 321
"../../../Gamma/Content/Sounds/destroyed2.uasset" 322
"../../../Gamma/Content/Sounds/fire1.uasset" 323
"../../../Gamma/Content/Sounds/fire2.uasset" 324
"../../../Gamma/Content/Sounds/gamefound.uasset" 325
"../../../Gamma/Content/Sounds/nocharge1.uasset" 326
"../../../Gamma/Content/Sounds/searer.uasset" 327
"../../../Gamma/Content/Sounds/Smoked1.uasset" 328
"../../../Gamma/Content/Sounds/Attacks/AttackBeam.uasset" 329
"../../../Gamma/Content/Sounds/Attacks/beamHighNote.uasset" 330
"../../../Gamma/Content/Sounds/Attacks/beamLowNote.uasset" 331
"../../../Gamma/Content/Sounds/Attacks/LAser.uasset" 332
"../../../Gamma/Content/Sounds/Attacks/Randomize497.uasset" 333
"../../../Gamma/Content/Sounds/Attacks/SoundBeamHit.uasset" 334
"../../../Gamma/Content/Sounds/Attacks/SoundBossAttack.uasset" 335
"../../../Gamma/Content/Sounds/Attacks/SoundBossAttack2.uasset" 336
"../../../Gamma/Content/Sounds/Attacks/SoundCrazyBeam.uasset" 337
"../../../Gamma/Content/Sounds/Attacks/SoundCreepHit.uasset" 338
"../../../Gamma/Content/Sounds/Attacks/SoundCreepKill.uasset" 339
"../../../Gamma/Content/Sounds/Attacks/SoundCreepKill2.uasset" 340
"../../../Gamma/Content/Sounds/Attacks/SoundDistantExplosion.uasset" 341
"../../../Gamma/Content/Sounds/Attacks/SoundExplosion.uasset" 342
"../../../Gamma/Content/Sounds/Attacks/SoundGrazingHit.uasset" 343
"../../../Gamma/Content/Sounds/Attacks/SoundRayDart.uasset" 344
"../../../Gamma/Content/Sounds/Attacks/SoundSwordClash.uasset" 345
"../../../Gamma/Content/Sounds/Attacks/SoundSwordClashFast.uasset" 346
"../../../Gamma/Content/Sounds/Attacks/SoundWindBeam.uasset" 347
"../../../Gamma/Content/Sounds/Attacks/swordswing2.uasset" 348
"../../../Gamma/Content/Sounds/Misc/Accept.uasset" 349
"../../../Gamma/Content/Sounds/Misc/BladeBeam.uasset" 350
"../../../Gamma/Content/Sounds/Misc/ChargeTone.uasset" 351
"../../../Gamma/Content/Sounds/Misc/MobKill1.uasset" 352
"../../../Gamma/Content/Sounds/Misc/Pickup_Coin6.uasset" 353
"../../../Gamma/Content/Sounds/Misc/Randomize577.uasset" 354
"../../../Gamma/Content/Sounds/Misc/Randomize580.uasset" 355
"../../../Gamma/Content/Sounds/Misc/Randomize597.uasset" 356
"../../../Gamma/Content/Sounds/Misc/SoccerCube2.uasset" 357
"../../../Gamma/Content/Sounds/Misc/SoundBoost.uasset" 358
"../../../Gamma/Content/Sounds/Misc/SoundBossKill.uasset" 359
"../../../Gamma/Content/Sounds/Misc/SoundBossPresence.uasset" 360
"../../../Gamma/Content/Sounds/Misc/SoundBossRelocating.uasset" 361
"../../../Gamma/Content/Sounds/Misc/SoundDistrellCall2.uasset" 362
"../../../Gamma/Content/Sounds/Misc/SoundDistressCall.uasset" 363
"../../../Gamma/Content/Sounds/Misc/SoundDistressCall3.uasset" 364
"../../../Gamma/Content/Sounds/Misc/SoundHeroDied.uasset" 365
"../../../Gamma/Content/Sounds/Misc/SoundRecovered.uasset" 366
"../../../Gamma/Content/Sounds/Misc/Sword3.uasset" 367
"../../../Gamma/Content/Sounds/Movement/BeamColliding.uasset" 368
"../../../Gamma/Content/Sounds/Movement/BubbleReflect.uasset" 369
"../../../Gamma/Content/Sounds/Movement/Charge11.uasset" 370
"../../../Gamma/Content/Sounds/Movement/Cosmario.uasset" 371
"../../../Gamma/Content/Sounds/Movement/Cosmication.uasset" 372
"../../../Gamma/Content/Sounds/Movement/CosmicSignal.uasset" 373
"../../../Gamma/Content/Sounds/Movement/Dogshot.uasset" 374
"../../../Gamma/Content/Sounds/Movement/FieldWave.uasset" 375
"../../../Gamma/Content/Sounds/Movement/ForlornClear.uasset" 376
"../../../Gamma/Content/Sounds/Movement/ForlornHeavy.uasset" 377
"../../../Gamma/Content/Sounds/Movement/Harmony.uasset" 378
"../../../Gamma/Content/Sounds/Movement/Hey.uasset" 379
"../../../Gamma/Content/Sounds/Movement/ItemGet.uasset" 380
"../../../Gamma/Content/Sounds/Movement/ItemThrow.uasset" 381
"../../../Gamma/Content/Sounds/Movement/JetBounce.uasset" 382
"../../../Gamma/Content/Sounds/Movement/KillerBeam.uasset" 383
"../../../Gamma/Content/Sounds/Movement/Lightning.uasset" 384
"../../../Gamma/Content/Sounds/Movement/Move3.uasset" 385
"../../../Gamma/Content/Sounds/Movement/Null.uasset" 386
"../../../Gamma/Content/Sounds/Movement/playerkilled.uasset" 387
"../../../Gamma/Content/Sounds/Movement/PropFire.uasset" 388
"../../../Gamma/Content/Sounds/Movement/PurpleCharge.uasset" 389
"../../../Gamma/Content/Sounds/Movement/PurpleCharge2.uasset" 390
"../../../Gamma/Content/Sounds/Movement/Randomize497.uasset" 391
"../../../Gamma/Content/Sounds/Movement/Randomize506.uasset" 392
"../../../Gamma/Content/Sounds/Movement/Randomize555.uasset" 393
"../../../Gamma/Content/Sounds/Movement/RedCharge.uasset" 394
"../../../Gamma/Content/Sounds/Movement/SwayCharge.uasset" 395
"../../../Engine/Content/EngineSounds/Master.uasset" 396
"../../../Engine/Content/EngineSounds/Normal_Attack.uasset" 397
"../../../Engine/Content/EngineSounds/Duck_Normal_Attack_MixMod.uasset" 398
"../../../Engine/Content/EngineSounds/Special_Attack_PSM.uasset" 399
"../../../Engine/Content/EngineSounds/SFX.uasset" 400
"../../../Gamma/Content/Sounds/Movement/TeammateRevive.uasset" 401
"../../../Gamma/Content/Sounds/Shields/Randomize506.uasset" 402
"../../../Gamma/Content/Sounds/Shields/SoundShieldBlock.uasset" 403
"../../../Gamma/Content/Sounds/Shields/SoundWoah.uasset" 404
"../../../Gamma/Content/Sounds/UI/SoundCharacterSelect.uasset" 405
"../../../Gamma/Content/Sounds/UI/SoundHighCharge.uasset" 406
"../../../Gamma/Content/Sounds/UI/SoundMenuNavig.uasset" 407
"../../../Gamma/Content/Sounds/UI/SoundPlayerFullCharge.uasset" 408
"../../../Gamma/Content/Sounds/UI/SoundPowerup.uasset" 409
"../../../Gamma/Content/Sounds/UI/SoundPVPWarning.uasset" 410
"../../../Gamma/Content/Textures/Amethyst5p.uasset" 411
"../../../Gamma/Content/Sprites/Amethyst5p_Sprite.uasset" 412
"../../../Engine/Plugins/2D/Paper2D/Content/OpaqueUnlitSpriteMaterial.uasset" 413
"../../../Gamma/Content/Sprites/Background_Sprite.uasset" 414
"../../../Gamma/Content/Sprites/Cloud_Poska_Sprite.uasset" 415
"../../../Gamma/Content/Sprites/DamageFaded_Sprite.uasset" 416
"../../../Gamma/Content/Textures/GAME_Plate.uasset" 417
"../../../Gamma/Content/Sprites/GAME_Plate_Sprite.uasset" 418
"../../../Gamma/Content/Textures/GammaGreyField.uasset" 419
"../../../Gamma/Content/Sprites/GammaGreyField_Sprite.uasset" 420
"../../../Gamma/Content/Sprites/Karaoke_Sprite.uasset" 421
"../../../Gamma/Content/Sprites/Ledge.uasset" 422
"../../../Gamma/Content/Textures/PeaceGiant_Killed.uasset" 423
"../../../Gamma/Content/Sprites/PeaceGiant_Killed_Sprite.uasset" 424
"../../../Gamma/Content/Sprites/PlayerPointer_Sprite.uasset" 425
"../../../Gamma/Content/Sprites/PrototypingSprite.uasset" 426
"../../../Gamma/Content/Sprites/RunningAnimation.uasset" 427
"../../../Gamma/Content/Textures/sprite_ruby.uasset" 428
"../../../Gamma/Content/Sprites/sprite_ruby_Sprite.uasset" 429
"../../../Gamma/Content/Textures/sword_sprite.uasset" 430
"../../../Gamma/Content/Sprites/sword_sprite_Sprite.uasset" 431
"../../../Gamma/Content/Textures/sword_sprite__3_.uasset" 432
"../../../Gamma/Content/Sprites/sword_sprite__3__Sprite.uasset" 433
"../../../Gamma/Content/Sprites/Tachyon_Sprite.uasset" 434
"../../../Gamma/Content/Sprites/IdleFrames/IdleCycle1.uasset" 435
"../../../Gamma/Content/Sprites/IdleFrames/IdleCycle2.uasset" 436
"../../../Gamma/Content/Sprites/IdleFrames/IdleCycle3.uasset" 437
"../../../Gamma/Content/Sprites/IdleFrames/IdleCycle4.uasset" 438
"../../../Gamma/Content/Sprites/IdleFrames/IdleCycle5.uasset" 439
"../../../Gamma/Content/Sprites/IdleFrames/IdleCycle6.uasset" 440
"../../../Gamma/Content/Sprites/IdleFrames/IdleCycle7.uasset" 441
"../../../Gamma/Content/Sprites/IdleFrames/IdleCycle8.uasset" 442
"../../../Gamma/Content/Sprites/RunFrames/RunCycle_1.uasset" 443
"../../../Gamma/Content/Sprites/RunFrames/RunCycle_10.uasset" 444
"../../../Gamma/Content/Sprites/RunFrames/RunCycle_11.uasset" 445
"../../../Gamma/Content/Sprites/RunFrames/RunCycle_12.uasset" 446
"../../../Gamma/Content/Sprites/RunFrames/RunCycle_13.uasset" 447
"../../../Gamma/Content/Sprites/RunFrames/RunCycle_14.uasset" 448
"../../../Gamma/Content/Sprites/RunFrames/RunCycle_15.uasset" 449
"../../../Gamma/Content/Sprites/RunFrames/RunCycle_16.uasset" 450
"../../../Gamma/Content/Sprites/RunFrames/RunCycle_2.uasset" 451
"../../../Gamma/Content/Sprites/RunFrames/RunCycle_3.uasset" 452
"../../../Gamma/Content/Sprites/RunFrames/RunCycle_4.uasset" 453
"../../../Gamma/Content/Sprites/RunFrames/RunCycle_5.uasset" 454
"../../../Gamma/Content/Sprites/RunFrames/RunCycle_6.uasset" 455
"../../../Gamma/Content/Sprites/RunFrames/RunCycle_7.uasset" 456
"../../../Gamma/Content/Sprites/RunFrames/RunCycle_8.uasset" 457
"../../../Gamma/Content/Sprites/RunFrames/RunCycle_9.uasset" 458
"../../../Gamma/Content/Textures/000__2_.uasset" 459
"../../../Gamma/Content/Textures/2DBackground.uasset" 460
"../../../Gamma/Content/Textures/2DBackgroundBlockAtlas.uasset" 461
"../../../Gamma/Content/Textures/2DBackgroundTile.uasset" 462
"../../../Gamma/Content/Textures/2DCharacter_IdleAnimAtlas.uasset" 463
"../../../Gamma/Content/Textures/2DCharacter_RunAnimAtlas.uasset" 464
"../../../Gamma/Content/Textures/BlackJacket.uasset" 465
"../../../Gamma/Content/Textures/cosmos-star-background_10281.uasset" 466
"../../../Gamma/Content/Textures/Gisotn.uasset" 467
"../../../Gamma/Content/Textures/Mylar.uasset" 468
"../../../Gamma/Content/Textures/M_RosterForeigner.uasset" 469
"../../../Gamma/Content/Textures/M_RosterKareoke.uasset" 470
"../../../Gamma/Content/Textures/New_Piskel_clone__2_.uasset" 471
"../../../Gamma/Content/Textures/PlayerIndicator.uasset" 472
"../../../Gamma/Content/Textures/Ram.uasset" 473
"../../../Gamma/Content/Textures/RosterEuphidel.uasset" 474
"../../../Gamma/Content/Textures/RosterHuron.uasset" 475
"../../../Gamma/Content/Textures/Shade.uasset" 476
"../../../Gamma/Content/Textures/Songh.uasset" 477
"../../../Gamma/Content/Textures/spear_1.uasset" 478
"../../../Gamma/Content/Textures/spear_2_Sprite.uasset" 479
"../../../Gamma/Content/Textures/sprite_0.uasset" 480
"../../../Gamma/Content/Textures/sprite_portal.uasset" 481
"../../../Gamma/Content/Textures/sprite__ice.uasset" 482
"../../../Gamma/Content/Textures/SuccessRing.uasset" 483
"../../../Gamma/Content/Textures/sword_sprite__5_.uasset" 484
"../../../Gamma/Content/Textures/sword_sprite__5__Sprite.uasset" 485
"../../../Gamma/Content/Textures/TachyonKeys_03-18.uasset" 486
"../../../Gamma/Content/Textures/TachyonLogo.uasset" 487
"../../../Gamma/Content/Textures/Zabodeph__3_.uasset" 488
"../../../Engine/Content/BasicShapes/Cone.uasset" 489
"../../../Engine/Content/BasicShapes/Cylinder.uasset" 490
"../../../Engine/Content/BasicShapes/Plane.uasset" 491
"../../../Engine/Content/EditorLandscapeResources/DataLayer.uasset" 492
"../../../Engine/Content/EditorMaterials/GizmoMaterial.uasset" 493
"../../../Engine/Content/EditorMaterials/MAT_Groups_Toggle.uasset" 494
"../../../Engine/Content/EditorMaterials/MAT_Groups_Visibility.uasset" 495
"../../../Engine/Content/EditorMaterials/PreviewShadowIndicator.uasset" 496
"../../../Engine/Content/EditorMaterials/PreviewShadowIndicatorMaterial.uasset" 497
"../../../Engine/Content/EditorMaterials/MatineeGroups/MAT_ColorTrack.uasset" 498
"../../../Engine/Content/EditorMaterials/MatineeGroups/MAT_Groups_Anim.uasset" 499
"../../../Engine/Content/EditorMaterials/MatineeGroups/MAT_Groups_AudioMaster.uasset" 500
"../../../Engine/Content/EditorMaterials/MatineeGroups/MAT_Groups_Director.uasset" 501
"../../../Engine/Content/EditorMaterials/MatineeGroups/MAT_Groups_Event.uasset" 502
"../../../Engine/Content/EditorMaterials/MatineeGroups/MAT_Groups_Fade.uasset" 503
"../../../Engine/Content/EditorMaterials/MatineeGroups/MAT_Groups_Float.uasset" 504
"../../../Engine/Content/EditorMaterials/MatineeGroups/MAT_Groups_Move.uasset" 505
"../../../Engine/Content/EditorMaterials/MatineeGroups/MAT_Groups_Slomo.uasset" 506
"../../../Engine/Content/EditorMaterials/MatineeGroups/MAT_Groups_Sound.uasset" 507
"../../../Engine/Content/EditorMaterials/MatineeGroups/MAT_Groups_Vector.uasset" 508
"../../../Engine/Content/EditorMaterials/ParticleSystems/PSysThumbnail_NoImage.uasset" 509
"../../../Engine/Content/EditorMaterials/ParticleSystems/PSysThumbnail_OOD.uasset" 510
"../../../Engine/Content/EditorMaterials/Camera/CineMat.uasset" 511
"../../../Engine/Content/EditorMaterials/Camera/MI_CineMat_Rig.uasset" 512
"../../../Engine/Content/EditorMeshes/Camera/SM_CraneRig_Arm.uasset" 513
"../../../Engine/Content/EditorMeshes/Camera/SM_CraneRig_Base.uasset" 514
"../../../Engine/Content/EditorMeshes/Camera/SM_CraneRig_Body.uasset" 515
"../../../Engine/Content/EditorMeshes/Camera/SM_CraneRig_Mount.uasset" 516
"../../../Engine/Content/EditorMeshes/Camera/SM_RailRig_Mount.uasset" 517
"../../../Engine/Content/EditorMeshes/Camera/SM_RailRig_Track.uasset" 518
"../../../Engine/Content/EditorMeshes/ColorCalibrator/M_ChromeBall.uasset" 519
"../../../Engine/Content/EditorMeshes/ColorCalibrator/M_ClearCoat.uasset" 520
"../../../Engine/Content/EditorMeshes/ColorCalibrator/M_ClearCoatBlack.uasset" 521
"../../../Engine/Content/EditorMeshes/ColorCalibrator/Color_checker.uasset" 522
"../../../Engine/Content/EditorMeshes/ColorCalibrator/M_ColorGrid.uasset" 523
"../../../Engine/Content/EditorMeshes/ColorCalibrator/M_GreyBall.uasset" 524
"../../../Engine/Content/EditorMeshes/ColorCalibrator/SM_ColorCalibrator.uasset" 525
"../../../Engine/Content/EditorResources/BSPVertex.uasset" 526
"../../../Engine/Content/EditorResources/EmptyActor.uasset" 527
"../../../Engine/Content/EditorResources/S_Actor.uasset" 528
"../../../Engine/Content/EditorResources/S_Trigger.uasset" 529
"../../../Engine/Content/EditorResources/AudioIcons/S_AudioComponent.uasset" 530
"../../../Engine/Content/EditorResources/AudioIcons/S_AudioComponent_AutoActivate.uasset" 531
"../../../Engine/Content/EditorResources/LightIcons/S_LightError.uasset" 532
"../../../Engine/Content/EditorResources/SequenceRecorder/Countdown.uasset" 533
"../../../Engine/Content/EditorResources/SequenceRecorder/RecordingIndicator.uasset" 534
"../../../Engine/Content/EditorSounds/Notifications/CompileFailed.uasset" 535
"../../../Engine/Content/EditorSounds/Notifications/CompileFailed_Cue.uasset" 536
"../../../Engine/Content/EditorSounds/Notifications/CompileSuccess.uasset" 537
"../../../Engine/Content/EditorSounds/Notifications/CompileStart_Cue.uasset" 538
"../../../Engine/Content/EditorSounds/Notifications/CompileSuccess_Cue.uasset" 539
"../../../Engine/Content/EngineDamageTypes/DmgTypeBP_Environmental.uasset" 540
"../../../Engine/Content/EngineDebugMaterials/HeatmapGradient.uasset" 541
"../../../Engine/Content/EngineDebugMaterials/BoneWeightMaterial.uasset" 542
"../../../Engine/Content/EngineDebugMaterials/ClothMaterial.uasset" 543
"../../../Engine/Content/EngineDebugMaterials/ClothMaterial_WF.uasset" 544
"../../../Engine/Content/EngineDebugMaterials/DebugEditorMaterial.uasset" 545
"../../../Engine/Content/EngineDebugMaterials/DebugMeshMaterial.uasset" 546
"../../../Engine/Content/EngineDebugMaterials/GeomMaterial.uasset" 547
"../../../Engine/Content/EngineFonts/Faces/RobotoBold.uasset" 548
"../../../Engine/Content/EngineFonts/Faces/RobotoBoldItalic.uasset" 549
"../../../Engine/Content/EngineFonts/Faces/RobotoItalic.uasset" 550
"../../../Engine/Content/EngineFonts/Faces/RobotoLight.uasset" 551
"../../../Engine/Content/EngineFonts/Faces/RobotoRegular.uasset" 552
"../../../Engine/Content/EngineFonts/Roboto.uasset" 553
"../../../Engine/Content/EngineFonts/Faces/RobotoTiny.uasset" 554
"../../../Engine/Content/EngineFonts/RobotoTiny.uasset" 555
"../../../Engine/Content/EngineMaterials/DefaultBloomKernel.uasset" 556
"../../../Engine/Content/EngineMaterials/DefaultBokeh.uasset" 557
"../../../Engine/Content/EngineMaterials/DefaultDeferredDecalMaterial.uasset" 558
"../../../Engine/Content/EngineMaterials/DefaultLightFunctionMaterial.uasset" 559
"../../../Engine/Content/EngineMaterials/DefaultPhysicalMaterial.uasset" 560
"../../../Engine/Content/Functions/Engine_MaterialFunctions02/Utility/BreakOutFloat2Components.uasset" 561
"../../../Engine/Content/EngineMaterials/DefaultPostProcessMaterial.uasset" 562
"../../../Engine/Content/EngineFonts/RobotoDistanceField.uasset" 563
"../../../Engine/Content/EngineMaterials/DefaultTextMaterialOpaque.uasset" 564
"../../../Engine/Content/EngineMaterials/DefaultWhiteGrid.uasset" 565
"../../../Engine/Content/EngineMaterials/EditorBrushMaterial.uasset" 566
"../../../Engine/Content/EngineMaterials/Good64x64TilingNoiseHighFreq.uasset" 567
"../../../Engine/Content/EngineMaterials/MiniFont.uasset" 568
"../../../Engine/Content/EngineMaterials/InvalidLightmapSettings.uasset" 569
"../../../Engine/Content/EngineMaterials/M_InvalidLightmapSettings.uasset" 570
"../../../Engine/Content/Functions/Engine_MaterialFunctions02/WorldPositionOffset/CameraOffset.uasset" 571
"../../../Engine/Content/EngineMaterials/PhAT_JointLimitMaterial.uasset" 572
"../../../Engine/Content/EngineMaterials/PreintegratedSkinBRDF.uasset" 573
"../../../Engine/Content/EngineMaterials/RemoveSurfaceMaterial.uasset" 574
"../../../Engine/Content/EngineMaterials/WeightMapPlaceholderTexture.uasset" 575
"../../../Engine/Content/EngineResources/WhiteSquareTexture.uasset" 576
"../../../Engine/Content/EngineMaterials/Widget3DPassThrough.uasset" 577
"../../../Engine/Content/EngineMaterials/Widget3DPassThrough_Masked.uasset" 578
"../../../Engine/Content/EngineMaterials/Widget3DPassThrough_Opaque.uasset" 579
"../../../Engine/Content/EngineMaterials/Widget3DPassThrough_Masked_OneSided.uasset" 580
"../../../Engine/Content/EngineMaterials/Widget3DPassThrough_Opaque_OneSided.uasset" 581
"../../../Engine/Content/EngineMaterials/Widget3DPassThrough_Translucent.uasset" 582
"../../../Engine/Content/EngineMaterials/Widget3DPassThrough_Translucent_OneSided.uasset" 583
"../../../Engine/Content/EngineMeshes/Cylinder.uasset" 584
"../../../Engine/Content/EngineResources/Black.uasset" 585
"../../../Engine/Content/EngineResources/DefaultTexture.uasset" 586
"../../../Engine/Content/EngineResources/DefaultTextureCube.uasset" 587
"../../../Engine/Content/EngineResources/GradientTexture0.uasset" 588
"../../../Engine/Content/Functions/Engine_MaterialFunctions01/Shading/ConvertFromDiffSpec.uasset" 589
"../../../Engine/Content/Functions/Engine_MaterialFunctions01/Shading/PowerToRoughness.uasset" 590
"../../../Engine/Content/Maps/Templates/Thumbnails/Default.uasset" 591
"../../../Engine/Content/Maps/Templates/Thumbnails/VR-Basic.uasset" 592
"../../../Engine/Content/MobileResources/T_MobileControls_texture.uasset" 593
"../../../Engine/Content/MobileResources/T_MobileMenu2.uasset" 594
"../../../Engine/Content/MobileResources/HUD/AnalogHat.uasset" 595
"../../../Engine/Content/MobileResources/HUD/VirtualJoystick_Background.uasset" 596
"../../../Engine/Content/MobileResources/HUD/VirtualJoystick_Thumb.uasset" 597
"../../../Engine/Content/MobileResources/HUD/DefaultVirtualJoysticks.uasset" 598
"../../../Engine/Content/MobileResources/HUD/LeftVirtualJoystickOnly.uasset" 599
"../../../Engine/Content/MobileResources/HUD/MobileHUDButton1_off.uasset" 600
"../../../Engine/Content/MobileResources/HUD/MobileHUDButton1_on.uasset" 601
"../../../Engine/Content/MobileResources/HUD/MobileHUDButton2_off.uasset" 602
"../../../Engine/Content/MobileResources/HUD/MobileHUDButton2_on.uasset" 603
"../../../Engine/Content/MobileResources/HUD/MobileHUDButton3.uasset" 604
"../../../Engine/Content/MobileResources/HUD/MobileHUDButtonFire.uasset" 605
"../../../Engine/Content/MobileResources/HUD/MobileHUDDirectionPad.uasset" 606
"../../../Engine/Content/MobileResources/HUD/MobileHUDDirectionPad2.uasset" 607
"../../../Engine/Content/MobileResources/HUD/MobileHUDDirectionPad3.uasset" 608
"../../../Engine/Content/MobileResources/HUD/MobileHUDDirectionStick.uasset" 609
"../../../Engine/Content/MobileResources/HUD/T_Castle_ThumbstickInner.uasset" 610
"../../../Engine/Content/MobileResources/HUD/T_Castle_ThumbstickOutter.uasset" 611
"../../../Engine/Content/Tutorial/ContentIntroCurve.uasset" 612
"../../../Engine/Content/Tutorial/Basics/TutorialAssets/icon_tab_Levels_40x.uasset" 613
"../../../Engine/Content/Tutorial/BlueprintTutorials/TutorialAssets/BlueprintInterface_64x.uasset" 614
"../../../Engine/Content/Tutorial/BlueprintTutorials/TutorialAssets/BlueprintMacroLibrary_64x.uasset" 615
"../../../Engine/Content/Tutorial/BlueprintTutorials/TutorialAssets/Blueprint_64x.uasset" 616
"../../../Engine/Content/Tutorial/BlueprintTutorials/TutorialAssets/Tutorial_BP_Interface.uasset" 617
"../../../Engine/Content/Tutorial/Foliage/TutorialAssets/Foliage.uasset" 618
"../../../Engine/Content/Tutorial/Landscape/TutorialAssets/Landscape.uasset" 619
"../../../Engine/Content/Tutorial/Paper2D/TutorialAssets/Paper2DFlipbook_TutorialIcon.uasset" 620
"../../../Engine/Content/Tutorial/Paper2D/TutorialAssets/Paper2DSprite_TutorialIcon.uasset" 621
"../../../Engine/Content/Tutorial/SubEditors/TutorialAssets/icon_Editor_Preferences_General_40x.uasset" 622
"../../../Engine/Content/Tutorial/SubEditors/TutorialAssets/icon_ShowSkeletalMeshes_40x.uasset" 623
"../../../Engine/Content/Tutorial/SubEditors/TutorialAssets/TutorialMaterial.uasset" 624
"../../../Engine/Content/Tutorial/SubEditors/TutorialAssets/T_SmokeSubUV_8X8.uasset" 625
"../../../Engine/Content/Tutorial/SubEditors/TutorialAssets/T_soft_smoke.uasset" 626
"../../../Engine/Content/Tutorial/SubEditors/TutorialAssets/M_smoke_subUV_blackbody.uasset" 627
"../../../Engine/Content/Tutorial/SubEditors/TutorialAssets/TutorialParticleSystem.uasset" 628
"../../../Engine/Content/VREditor/Devices/Generic/GenericHMDMaterial.uasset" 629
"../../../Engine/Content/VREditor/Devices/Generic/GenericHMD.uasset" 630
"../../../Engine/Content/VREditor/FloatingText/LineMaterial.uasset" 631
"../../../Engine/Content/VREditor/FloatingText/JointSphere.uasset" 632
"../../../Engine/Content/VREditor/FloatingText/LineSegmentCylinder.uasset" 633
"../../../Engine/Content/VREditor/Fonts/TranslucentVRTextMaterial.uasset" 634
"../../../Engine/Content/VREditor/LaserPointer/CursorPointer.uasset" 635
"../../../Engine/Content/VREditor/LaserPointer/VR_LaserPower_01.uasset" 636
"../../../Engine/Content/VREditor/TransformGizmo/TransformGizmoMaterial.uasset" 637
"../../../Engine/Content/VREditor/LaserPointer/HoverMaterial.uasset" 638
"../../../Engine/Content/VREditor/TransformGizmo/TranslucentTransformGizmoMaterial.uasset" 639
"../../../Engine/Content/VREditor/LaserPointer/TranslucentHoverMaterial.uasset" 640
"../../../Engine/Content/VREditor/LaserPointer/HoverMesh.uasset" 641
"../../../Engine/Content/VREditor/LaserPointer/LaserPointerMaterial.uasset" 642
"../../../Engine/Content/VREditor/LaserPointer/LaserPointerMaterialInst.uasset" 643
"../../../Engine/Content/VREditor/LaserPointer/TranslucentLaserPointerMaterialInst.uasset" 644
"../../../Engine/Content/VREditor/LaserPointer/LaserPointerMesh.uasset" 645
"../../../Engine/Content/VREditor/LaserPointer/LaserPointerMesh_End.uasset" 646
"../../../Engine/Content/VREditor/LaserPointer/LaserPointerMesh_Start.uasset" 647
"../../../Engine/Content/Functions/Engine_MaterialFunctions02/Utility/BreakOutFloat3Components.uasset" 648
"../../../Engine/Content/Functions/Engine_MaterialFunctions02/Math/Transform3x3Matrix.uasset" 649
"../../../Engine/Content/Functions/Engine_MaterialFunctions02/SplitComponents.uasset" 650
"../../../Engine/Content/Functions/Engine_MaterialFunctions02/Utility/MakeFloat3.uasset" 651
"../../../Engine/Content/VREditor/SnapGrid/SnapGridMaterial.uasset" 652
"../../../Engine/Content/VREditor/SnapGrid/SnapGridPlaneMesh.uasset" 653
"../../../Engine/Content/VREditor/Sounds/VR_teleport.uasset" 654
"../../../Engine/Content/VREditor/Sounds/UI/Click_on_Button_Cue.uasset" 655
"../../../Engine/Content/VREditor/Sounds/UI/Dockable_Window_Close.uasset" 656
"../../../Engine/Content/VREditor/Sounds/UI/Dockable_Window_Drop.uasset" 657
"../../../Engine/Content/VREditor/Sounds/UI/Dockable_Window_Open.uasset" 658
"../../../Engine/Content/VREditor/Sounds/UI/Dockable_Window_Pick_Up.uasset" 659
"../../../Engine/Content/VREditor/Sounds/UI/Drop_Item_From_ContentBrowser.uasset" 660
"../../../Engine/Content/VREditor/Sounds/UI/Floating_UI_Open-001.uasset" 661
"../../../Engine/Content/VREditor/Sounds/UI/Gizmo_Handle_Clicked.uasset" 662
"../../../Engine/Content/VREditor/Sounds/UI/Object_PickUp.uasset" 663
"../../../Engine/Content/VREditor/Sounds/UI/Object_Snaps_To_Another_Actor.uasset" 664
"../../../Engine/Content/VREditor/Sounds/UI/Object_Snaps_To_Grid.uasset" 665
"../../../Engine/Content/VREditor/Sounds/UI/Radial_Menu_FadeOut.uasset" 666
"../../../Engine/Content/VREditor/Sounds/UI/Scaling_Down.uasset" 667
"../../../Engine/Content/VREditor/Sounds/UI/Scaling_Up.uasset" 668
"../../../Engine/Content/VREditor/Sounds/UI/Selection_Changes.uasset" 669
"../../../Engine/Content/VREditor/Sounds/UI/Teleport_Mode_Entered.uasset" 670
"../../../Engine/Content/VREditor/Teleport/TeleportDirectionMaterial.uasset" 671
"../../../Engine/Content/VREditor/Teleport/TeleportDirectionMaterial_Inst.uasset" 672
"../../../Engine/Content/VREditor/Teleport/TeleportDirectionMesh.uasset" 673
"../../../Engine/Content/VREditor/TransformGizmo/BoundingBoxCorner.uasset" 674
"../../../Engine/Content/VREditor/TransformGizmo/BoundingBoxEdge.uasset" 675
"../../../Engine/Content/VREditor/TransformGizmo/PlaneTranslationHandle.uasset" 676
"../../../Engine/Content/VREditor/TransformGizmo/RotationHandleFull.uasset" 677
"../../../Engine/Content/VREditor/TransformGizmo/RotationHandleIndicator.uasset" 678
"../../../Engine/Content/VREditor/TransformGizmo/RotationHandleQuarter.uasset" 679
"../../../Engine/Content/VREditor/TransformGizmo/Main.uasset" 680
"../../../Engine/Content/VREditor/TransformGizmo/Xray.uasset" 681
"../../../Engine/Content/VREditor/TransformGizmo/SM_Dialog_Close.uasset" 682
"../../../Engine/Content/VREditor/TransformGizmo/SM_Dialog_Move.uasset" 683
"../../../Engine/Content/VREditor/TransformGizmo/SM_Sequencer_Key.uasset" 684
"../../../Engine/Content/VREditor/TransformGizmo/SM_Sequencer_Node.uasset" 685
"../../../Engine/Content/VREditor/TransformGizmo/StartRotationHandleIndicator.uasset" 686
"../../../Engine/Content/VREditor/TransformGizmo/TranslucentTransformGizmoMaterial_Inst.uasset" 687
"../../../Engine/Content/VREditor/TransformGizmo/TransformGizmoFreeRotation.uasset" 688
"../../../Engine/Content/VREditor/TransformGizmo/TransformGizmoMaterial_Inst.uasset" 689
"../../../Engine/Content/VREditor/TransformGizmo/TranslateArrowHandle.uasset" 690
"../../../Engine/Content/VREditor/TransformGizmo/UniformScaleHandle.uasset" 691
"../../../Engine/Content/VREditor/UI/KeyDiskMaterial.uasset" 692
"../../../Engine/Content/VREditor/UI/DiscMaterial.uasset" 693
"../../../Engine/Content/VREditor/UI/SM_Radial_Disk.uasset" 694
"../../../Engine/Content/Functions/Engine_MaterialFunctions01/Gradient/RadialGradient.uasset" 695
"../../../Engine/Content/VREditor/WorldMovementGrid/SimpleGrid.uasset" 696
"../../../Engine/Content/VREditor/WorldMovementGrid/GridMaterial.uasset" 697
"../../../Engine/Content/Functions/Engine_MaterialFunctions01/Density/ExponentialDensity.uasset" 698
"../../../Engine/Content/VREditor/WorldMovementGrid/GridPostProcess.uasset" 699
"../../../Engine/Content/EditorLandscapeResources/FlattenHeightMat.uasset" 700
"../../../Engine/Content/VREditor/WorldMovementGrid/PlaneMesh.uasset" 701
"../../../Engine/Plugins/2D/Paper2D/Content/PlaceholderTextures/DummySpriteTexture.uasset" 702
"../../../Engine/Plugins/2D/Paper2D/Content/DummySprite.uasset" 703
"../../../Engine/Plugins/2D/Paper2D/Content/DefaultPaperTerrainMaterial.uasset" 704
"../../../Engine/Plugins/2D/Paper2D/Content/MaskedUnlitSpriteMaterial.uasset" 705
"../../../Engine/Plugins/Media/MediaCompositing/Content/DefaultMediaPlaneMaterial.uasset" 706
"../../../Engine/Content/Functions/Engine_MaterialFunctions02/Utility/MakeFloat4.uasset" 707
"../../../Engine/Plugins/Runtime/AppleARKit/Content/ARKitCameraMaterial.uasset" 708
"../../../Engine/Content/MapTemplates/Bokeh_5Sides.uasset" 709
"../../../Engine/Content/MapTemplates/T_ScreenDirt02_w.uasset" 710
"../../../Gamma/Content/Maps/2DSideScrollerExampleMap.umap" 711
"../../../Gamma/Content/Particles/PS_Nebula.uasset" 712
"../../../Gamma/Content/Blueprints/Worlds/BP_TachyonNebula.uasset" 713
"../../../Gamma/Content/Blueprints/BP_SpectrumFog.uasset" 714
"../../../Engine/Content/EngineMaterials/UnlitText.uasset" 715
"../../../Gamma/Content/Sounds/Misc/Destroyed.uasset" 716
"../../../Gamma/Content/Blueprints/EventTriggers/BP_WarningBell.uasset" 717
"../../../Gamma/Content/Blueprints/GammaFlow/BP_GammaGameMode.uasset" 718
"../../../Gamma/Content/Maps/SoloWorld_BuiltData.uasset" 719
"../../../Gamma/Content/Maps/SoloWorld.umap" 720
"../../../Gamma/Content/Blueprints/BP_Spectator.uasset" 721
"../../../Gamma/Content/Blueprints/GammaFlow/BP_SpectatorGameMode.uasset" 722
"../../../Gamma/Content/Maps/SpectatorWorld_BuiltData.uasset" 723
"../../../Gamma/Content/Maps/SpectatorWorld.umap" 724
"../../../Engine/Content/EngineVolumetrics/FogEnvironment/Mesh/S_EV_FogVolume_Sphere_01.uasset" 725
"../../../Gamma/Content/Particles/PS_GreyGaas.uasset" 726
"../../../Gamma/Content/Blueprints/Worlds/BP_IceField.uasset" 727
"../../../Gamma/Content/Maps/TestWorld_BuiltData.uasset" 728
"../../../Gamma/Content/Maps/TestWorld.umap" 729
